{"numFailedTestSuites":0,"numFailedTests":0,"numPassedTestSuites":1,"numPassedTests":2,"numPendingTestSuites":0,"numPendingTests":0,"numRuntimeErrorTestSuites":0,"numTodoTests":0,"numTotalTestSuites":1,"numTotalTests":2,"openHandles":[],"snapshot":{"added":0,"didUpdate":false,"failure":false,"filesAdded":0,"filesRemoved":0,"filesRemovedList":[],"filesUnmatched":0,"filesUpdated":0,"matched":0,"total":0,"unchecked":0,"uncheckedKeysByFile":[],"unmatched":0,"updated":0},"startTime":1756187080681,"success":true,"testResults":[{"assertionResults":[{"ancestorTitles":["TasksDataService Simple Import"],"duration":12,"failureDetails":[],"failureMessages":[],"fullName":"TasksDataService Simple Import should be importable directly from file","invocations":1,"location":null,"numPassingAsserts":2,"retryReasons":[],"status":"passed","title":"should be importable directly from file"},{"ancestorTitles":["TasksDataService Simple Import"],"duration":2,"failureDetails":[],"failureMessages":[],"fullName":"TasksDataService Simple Import should create instance when imported directly with all required dependencies","invocations":1,"location":null,"numPassingAsserts":1,"retryReasons":[],"status":"passed","title":"should create instance when imported directly with all required dependencies"}],"endTime":1756187084598,"message":"","name":"C:\\Users\\yi.a.cheong\\[logs]\\[workspace]\\[repos]\\[manual shelf]\\aidm-vscode-extension\\src\\__tests__\\unit\\services\\TasksDataService.simple.test.ts","startTime":1756187081067,"status":"passed","summary":""}],"wasInterrupted":false}
